time="2025-02-20T16:58:44Z" level=warning msg="/home/lufarp/prediction/docker-compose.yml: the attribute `version` is obsolete, it will be ignored, please remove it to avoid potential confusion"
 Container prediction-app  Stopping
 Container prediction-app  Stopped
 Container prediction-app  Removing
 Container prediction-app  Removed
 Container redis  Stopping
 Container postgres-db  Stopping
 Container redis  Stopped
 Container redis  Removing
 Container postgres-db  Stopped
 Container postgres-db  Removing
 Container redis  Removed
 Container postgres-db  Removed
 Network prediction_default  Removing
 Network prediction_default  Removed
time="2025-02-20T17:02:38Z" level=warning msg="/home/lufarp/prediction/docker-compose.yml: the attribute `version` is obsolete, it will be ignored, please remove it to avoid potential confusion"
 Container prediction-app  Stopping
 Container prediction-app  Stopped
 Container prediction-app  Removing
 Container prediction-app  Removed
 Container redis  Stopping
 Container postgres-db  Stopping
 Container redis  Stopped
 Container redis  Removing
 Container postgres-db  Stopped
 Container postgres-db  Removing
 Container redis  Removed
 Container postgres-db  Removed
 Network prediction_default  Removing
 Network prediction_default  Removed
time="2025-02-20T18:00:54Z" level=warning msg="/home/lufarp/prediction/docker-compose.yml: the attribute `version` is obsolete, it will be ignored, please remove it to avoid potential confusion"
 Container prediction-app  Stopping
 Container prediction-app  Stopped
 Container prediction-app  Removing
 Container prediction-app  Removed
 Container redis  Stopping
 Container postgres-db  Stopping
 Container postgres-db  Stopped
 Container postgres-db  Removing
 Container redis  Stopped
 Container redis  Removing
 Container redis  Removed
 Container postgres-db  Removed
 Network prediction_default  Removing
 Network prediction_default  Removed
time="2025-02-21T00:00:40Z" level=warning msg="/home/lufarp/prediction/docker-compose.yml: the attribute `version` is obsolete, it will be ignored, please remove it to avoid potential confusion"
 Container prediction-app  Stopping
 Container prediction-app  Stopped
 Container prediction-app  Removing
 Container prediction-app  Removed
 Container redis  Stopping
 Container postgres-db  Stopping
 Container postgres-db  Stopped
 Container postgres-db  Removing
 Container redis  Stopped
 Container redis  Removing
 Container redis  Removed
 Container postgres-db  Removed
 Network prediction_default  Removing
 Network prediction_default  Removed
